This is pdfTeX, Version 3.14159265-2.6-1.40.21 (TeX Live 2020) (preloaded format=pdflatex 2020.9.14)  12 APR 2021 14:48
entering extended mode
 restricted \write18 enabled.
 %&-line parsing enabled.
**Study.tex
(./Study.tex
LaTeX2e <2020-02-02> patch level 5
L3 programming layer <2020-09-06> (/Users/zekisalah/Library/TinyTeX/texmf-dist/
tex/latex/base/article.cls
Document Class: article 2019/12/20 v1.4l Standard LaTeX document class
(/Users/zekisalah/Library/TinyTeX/texmf-dist/tex/latex/base/size10.clo
File: size10.clo 2019/12/20 v1.4l Standard LaTeX file (size option)
)
\c@part=\count168
\c@section=\count169
\c@subsection=\count170
\c@subsubsection=\count171
\c@paragraph=\count172
\c@subparagraph=\count173
\c@figure=\count174
\c@table=\count175
\abovecaptionskip=\skip47
\belowcaptionskip=\skip48
\bibindent=\dimen134
) (/Users/zekisalah/Library/TinyTeX/texmf-dist/tex/latex/tools/indentfirst.sty
Package: indentfirst 1995/11/23 v1.03 Indent first paragraph (DPC)
) (/Users/zekisalah/Library/TinyTeX/texmf-dist/tex/latex/titlesec/titlesec.sty
Package: titlesec 2019/10/16 v2.13 Sectioning titles
\ttl@box=\box45
\beforetitleunit=\skip49
\aftertitleunit=\skip50
\ttl@plus=\dimen135
\ttl@minus=\dimen136
\ttl@toksa=\toks15
\titlewidth=\dimen137
\titlewidthlast=\dimen138
\titlewidthfirst=\dimen139
) (/Users/zekisalah/Library/TinyTeX/texmf-dist/tex/latex/base/inputenc.sty
Package: inputenc 2018/08/11 v1.3c Input encoding file
\inpenc@prehook=\toks16
\inpenc@posthook=\toks17
) (/Users/zekisalah/Library/TinyTeX/texmf-dist/tex/latex/csquotes/csquotes.sty
Package: csquotes 2019-12-06 v5.2j context-sensitive quotations (JAW)
(/Users/zekisalah/Library/TinyTeX/texmf-dist/tex/latex/etoolbox/etoolbox.sty
Package: etoolbox 2020/08/24 v2.5j e-TeX tools for LaTeX (JAW)
\etb@tempcnta=\count176
) (/Users/zekisalah/Library/TinyTeX/texmf-dist/tex/latex/graphics/keyval.sty
Package: keyval 2014/10/28 v1.15 key=value parser (DPC)
\KV@toks@=\toks18
)
\csq@reset=\count177
\csq@gtype=\count178
\csq@glevel=\count179
\csq@qlevel=\count180
\csq@maxlvl=\count181
\csq@tshold=\count182
\csq@ltx@everypar=\toks19
(/Users/zekisalah/Library/TinyTeX/texmf-dist/tex/latex/csquotes/csquotes.def
File: csquotes.def 2019-12-06 v5.2j csquotes generic definitions (JAW)
)
Package csquotes Info: Trying to load configuration file 'csquotes.cfg'...
Package csquotes Info: ... configuration file loaded successfully.
(/Users/zekisalah/Library/TinyTeX/texmf-dist/tex/latex/csquotes/csquotes.cfg
File: csquotes.cfg 
)) (/Users/zekisalah/Library/TinyTeX/texmf-dist/tex/latex/ellipsis/ellipsis.sty
Package: ellipsis 2020/05/22 v1.8 fixes spacing around ellipses (three dots)
(/Users/zekisalah/Library/TinyTeX/texmf-dist/tex/latex/tools/xspace.sty
Package: xspace 2014/10/28 v1.13 Space after command names (DPC,MH)
)
LaTeX Info: Redefining \textellipsis on input line 77.
) (/Users/zekisalah/Library/TinyTeX/texmf-dist/tex/latex/base/fontenc.sty
Package: fontenc 2020/02/11 v2.0o Standard LaTeX package
) (/Users/zekisalah/Library/TinyTeX/texmf-dist/tex/latex/fancyhdr/fancyhdr.sty
Package: fancyhdr 2019/01/31 v3.10 Extensive control of page headers and footer
s
\f@nch@headwidth=\skip51
\f@nch@O@elh=\skip52
\f@nch@O@erh=\skip53
\f@nch@O@olh=\skip54
\f@nch@O@orh=\skip55
\f@nch@O@elf=\skip56
\f@nch@O@erf=\skip57
\f@nch@O@olf=\skip58
\f@nch@O@orf=\skip59
) (/Users/zekisalah/Library/TinyTeX/texmf-dist/tex/latex/titling/titling.sty
Package: titling 2009/09/04 v2.1d maketitle typesetting
\thanksmarkwidth=\skip60
\thanksmargin=\skip61
\droptitle=\skip62
) (/Users/zekisalah/Library/TinyTeX/texmf-dist/tex/latex/geometry/geometry.sty
Package: geometry 2020/01/02 v5.9 Page Geometry
(/Users/zekisalah/Library/TinyTeX/texmf-dist/tex/generic/iftex/ifvtex.sty
Package: ifvtex 2019/10/25 v1.7 ifvtex legacy package. Use iftex instead.
(/Users/zekisalah/Library/TinyTeX/texmf-dist/tex/generic/iftex/iftex.sty
Package: iftex 2020/03/06 v1.0d TeX engine tests
))
\Gm@cnth=\count183
\Gm@cntv=\count184
\c@Gm@tempcnt=\count185
\Gm@bindingoffset=\dimen140
\Gm@wd@mp=\dimen141
\Gm@odd@mp=\dimen142
\Gm@even@mp=\dimen143
\Gm@layoutwidth=\dimen144
\Gm@layoutheight=\dimen145
\Gm@layouthoffset=\dimen146
\Gm@layoutvoffset=\dimen147
\Gm@dimlist=\toks20
) (/Users/zekisalah/Library/TinyTeX/texmf-dist/tex/latex/abstract/abstract.sty
Package: abstract 2009/06/08 v1.2a configurable abstracts
\abstitleskip=\skip63
\absleftindent=\skip64
\absrightindent=\skip65
\absparindent=\skip66
\absparsep=\skip67
)
(/Users/zekisalah/Library/TinyTeX/texmf-dist/tex/latex/ebgaramond/ebgaramond.st
y
Package: ebgaramond 2020/04/12 (Bob Tennent and autoinst) Style file for EB Gar
amond fonts.
(/Users/zekisalah/Library/TinyTeX/texmf-dist/tex/generic/iftex/ifxetex.sty
Package: ifxetex 2019/10/25 v0.7 ifxetex legacy package. Use iftex instead.
) (/Users/zekisalah/Library/TinyTeX/texmf-dist/tex/generic/iftex/ifluatex.sty
Package: ifluatex 2019/10/25 v1.5 ifluatex legacy package. Use iftex instead.
) (/Users/zekisalah/Library/TinyTeX/texmf-dist/tex/latex/xkeyval/xkeyval.sty
Package: xkeyval 2014/12/03 v2.7a package option processing (HA)
(/Users/zekisalah/Library/TinyTeX/texmf-dist/tex/generic/xkeyval/xkeyval.tex (/
Users/zekisalah/Library/TinyTeX/texmf-dist/tex/generic/xkeyval/xkvutils.tex
\XKV@toks=\toks21
\XKV@tempa@toks=\toks22
)
\XKV@depth=\count186
File: xkeyval.tex 2014/12/03 v2.7a key=value parser (HA)
)) (/Users/zekisalah/Library/TinyTeX/texmf-dist/tex/latex/base/textcomp.sty
Package: textcomp 2020/02/02 v2.0n Standard LaTeX package
) (/Users/zekisalah/Library/TinyTeX/texmf-dist/tex/latex/base/fontenc.sty
Package: fontenc 2020/02/11 v2.0o Standard LaTeX package
) (/Users/zekisalah/Library/TinyTeX/texmf-dist/tex/latex/fontaxes/fontaxes.sty
Package: fontaxes 2020/07/21 v1.0e Font selection axes
LaTeX Info: Redefining \upshape on input line 29.
LaTeX Info: Redefining \itshape on input line 31.
LaTeX Info: Redefining \slshape on input line 33.
LaTeX Info: Redefining \swshape on input line 35.
LaTeX Info: Redefining \scshape on input line 37.
LaTeX Info: Redefining \sscshape on input line 39.
LaTeX Info: Redefining \ulcshape on input line 41.
LaTeX Info: Redefining \textsw on input line 47.
LaTeX Info: Redefining \textssc on input line 48.
LaTeX Info: Redefining \textulc on input line 49.
)
LaTeX Info: Redefining \oldstylenums on input line 179.
LaTeX Info: Redefining \textsw on input line 187.
) (/Users/zekisalah/Library/TinyTeX/texmf-dist/tex/latex/amsfonts/amssymb.sty
Package: amssymb 2013/01/14 v3.01 AMS font symbols
(/Users/zekisalah/Library/TinyTeX/texmf-dist/tex/latex/amsfonts/amsfonts.sty
Package: amsfonts 2013/01/14 v3.01 Basic AMSFonts support
\@emptytoks=\toks23
\symAMSa=\mathgroup4
\symAMSb=\mathgroup5
LaTeX Font Info:    Redeclaring math symbol \hbar on input line 98.
LaTeX Font Info:    Overwriting math alphabet `\mathfrak' in version `bold'
(Font)                  U/euf/m/n --> U/euf/b/n on input line 106.
)) (/Users/zekisalah/Library/TinyTeX/texmf-dist/tex/latex/amsmath/amsmath.sty
Package: amsmath 2020/01/20 v2.17e AMS math features
\@mathmargin=\skip68
For additional information on amsmath, use the `?' option.
(/Users/zekisalah/Library/TinyTeX/texmf-dist/tex/latex/amsmath/amstext.sty
Package: amstext 2000/06/29 v2.01 AMS text
(/Users/zekisalah/Library/TinyTeX/texmf-dist/tex/latex/amsmath/amsgen.sty
File: amsgen.sty 1999/11/30 v2.0 generic functions
\@emptytoks=\toks24
\ex@=\dimen148
)) (/Users/zekisalah/Library/TinyTeX/texmf-dist/tex/latex/amsmath/amsbsy.sty
Package: amsbsy 1999/11/29 v1.2d Bold Symbols
\pmbraise@=\dimen149
) (/Users/zekisalah/Library/TinyTeX/texmf-dist/tex/latex/amsmath/amsopn.sty
Package: amsopn 2016/03/08 v2.02 operator names
)
\inf@bad=\count187
LaTeX Info: Redefining \frac on input line 227.
\uproot@=\count188
\leftroot@=\count189
LaTeX Info: Redefining \overline on input line 389.
\classnum@=\count190
\DOTSCASE@=\count191
LaTeX Info: Redefining \ldots on input line 486.
LaTeX Info: Redefining \dots on input line 489.
LaTeX Info: Redefining \cdots on input line 610.
\Mathstrutbox@=\box46
\strutbox@=\box47
\big@size=\dimen150
LaTeX Font Info:    Redeclaring font encoding OML on input line 733.
LaTeX Font Info:    Redeclaring font encoding OMS on input line 734.
\macc@depth=\count192
\c@MaxMatrixCols=\count193
\dotsspace@=\muskip16
\c@parentequation=\count194
\dspbrk@lvl=\count195
\tag@help=\toks25
\row@=\count196
\column@=\count197
\maxfields@=\count198
\andhelp@=\toks26
\eqnshift@=\dimen151
\alignsep@=\dimen152
\tagshift@=\dimen153
\tagwidth@=\dimen154
\totwidth@=\dimen155
\lineht@=\dimen156
\@envbody=\toks27
\multlinegap=\skip69
\multlinetaggap=\skip70
\mathdisplay@stack=\toks28
LaTeX Info: Redefining \[ on input line 2859.
LaTeX Info: Redefining \] on input line 2860.
) (/Users/zekisalah/Library/TinyTeX/texmf-dist/tex/latex/base/fontenc.sty
Package: fontenc 2020/02/11 v2.0o Standard LaTeX package
LaTeX Font Info:    Trying to load font information for T1+EBGaramond-OsF on in
put line 112.

(/Users/zekisalah/Library/TinyTeX/texmf-dist/tex/latex/ebgaramond/T1EBGaramond-
OsF.fd
File: T1EBGaramond-OsF.fd 2019/10/22 (autoinst) Font definitions for T1/EBGaram
ond-OsF.
)
LaTeX Font Info:    Font shape `T1/EBGaramond-OsF/m/n' in size <10> not availab
le
(Font)              Font shape `T1/EBGaramond-OsF/regular/n' tried instead on i
nput line 112.
LaTeX Font Info:    Font shape `T1/EBGaramond-OsF/regular/n' will be
(Font)              scaled to size 10.0pt on input line 112.
) (/Users/zekisalah/Library/TinyTeX/texmf-dist/tex/latex/microtype/microtype.st
y
Package: microtype 2019/11/18 v2.7d Micro-typographical refinements (RS)
\MT@toks=\toks29
\MT@count=\count199
LaTeX Info: Redefining \textls on input line 790.
\MT@outer@kern=\dimen157
LaTeX Info: Redefining \textmicrotypecontext on input line 1354.
\MT@listname@count=\count266

(/Users/zekisalah/Library/TinyTeX/texmf-dist/tex/latex/microtype/microtype-pdft
ex.def
File: microtype-pdftex.def 2019/11/18 v2.7d Definitions specific to pdftex (RS)

LaTeX Info: Redefining \lsstyle on input line 914.
LaTeX Info: Redefining \lslig on input line 914.
\MT@outer@space=\skip71
)
Package microtype Info: Loading configuration file microtype.cfg.
(/Users/zekisalah/Library/TinyTeX/texmf-dist/tex/latex/microtype/microtype.cfg
File: microtype.cfg 2019/11/18 v2.7d microtype main configuration file (RS)
)) (/Users/zekisalah/Library/TinyTeX/texmf-dist/tex/latex/xcolor/xcolor.sty
Package: xcolor 2016/05/11 v2.12 LaTeX color extensions (UK)
(/Users/zekisalah/Library/TinyTeX/texmf-dist/tex/latex/graphics-cfg/color.cfg
File: color.cfg 2016/01/02 v1.6 sample color configuration
)
Package xcolor Info: Driver file: pdftex.def on input line 225.
(/Users/zekisalah/Library/TinyTeX/texmf-dist/tex/latex/graphics-def/pdftex.def
File: pdftex.def 2020/08/26 v1.2 Graphics/color driver for pdftex
)
Package xcolor Info: Model `cmy' substituted by `cmy0' on input line 1348.
Package xcolor Info: Model `hsb' substituted by `rgb' on input line 1352.
Package xcolor Info: Model `RGB' extended on input line 1364.
Package xcolor Info: Model `HTML' substituted by `rgb' on input line 1366.
Package xcolor Info: Model `Hsb' substituted by `hsb' on input line 1367.
Package xcolor Info: Model `tHsb' substituted by `hsb' on input line 1368.
Package xcolor Info: Model `HSB' substituted by `hsb' on input line 1369.
Package xcolor Info: Model `Gray' substituted by `gray' on input line 1370.
Package xcolor Info: Model `wave' substituted by `hsb' on input line 1371.
) (/Users/zekisalah/Library/TinyTeX/texmf-dist/tex/latex/hyperref/hyperref.sty
Package: hyperref 2020-05-15 v7.00e Hypertext links for LaTeX
(/Users/zekisalah/Library/TinyTeX/texmf-dist/tex/generic/ltxcmds/ltxcmds.sty
Package: ltxcmds 2019/12/15 v1.24 LaTeX kernel commands for general use (HO)
)
(/Users/zekisalah/Library/TinyTeX/texmf-dist/tex/generic/pdftexcmds/pdftexcmds.
sty
Package: pdftexcmds 2020-06-27 v0.33 Utility functions of pdfTeX for LuaTeX (HO
)

(/Users/zekisalah/Library/TinyTeX/texmf-dist/tex/generic/infwarerr/infwarerr.st
y
Package: infwarerr 2019/12/03 v1.5 Providing info/warning/error messages (HO)
)
Package pdftexcmds Info: \pdf@primitive is available.
Package pdftexcmds Info: \pdf@ifprimitive is available.
Package pdftexcmds Info: \pdfdraftmode found.
)
(/Users/zekisalah/Library/TinyTeX/texmf-dist/tex/generic/kvsetkeys/kvsetkeys.st
y
Package: kvsetkeys 2019/12/15 v1.18 Key value parser (HO)
)
(/Users/zekisalah/Library/TinyTeX/texmf-dist/tex/generic/kvdefinekeys/kvdefinek
eys.sty
Package: kvdefinekeys 2019-12-19 v1.6 Define keys (HO)
)
(/Users/zekisalah/Library/TinyTeX/texmf-dist/tex/generic/pdfescape/pdfescape.st
y
Package: pdfescape 2019/12/09 v1.15 Implements pdfTeX's escape features (HO)
) (/Users/zekisalah/Library/TinyTeX/texmf-dist/tex/latex/hycolor/hycolor.sty
Package: hycolor 2020-01-27 v1.10 Color options for hyperref/bookmark (HO)
)
(/Users/zekisalah/Library/TinyTeX/texmf-dist/tex/latex/letltxmacro/letltxmacro.
sty
Package: letltxmacro 2019/12/03 v1.6 Let assignment for LaTeX macros (HO)
) (/Users/zekisalah/Library/TinyTeX/texmf-dist/tex/latex/auxhook/auxhook.sty
Package: auxhook 2019-12-17 v1.6 Hooks for auxiliary files (HO)
) (/Users/zekisalah/Library/TinyTeX/texmf-dist/tex/latex/kvoptions/kvoptions.st
y
Package: kvoptions 2019/11/29 v3.13 Key value format for package options (HO)
)
\@linkdim=\dimen158
\Hy@linkcounter=\count267
\Hy@pagecounter=\count268
(/Users/zekisalah/Library/TinyTeX/texmf-dist/tex/latex/hyperref/pd1enc.def
File: pd1enc.def 2020-05-15 v7.00e Hyperref: PDFDocEncoding definition (HO)
Now handling font encoding PD1 ...
... no UTF-8 mapping file for font encoding PD1
) (/Users/zekisalah/Library/TinyTeX/texmf-dist/tex/generic/intcalc/intcalc.sty
Package: intcalc 2019/12/15 v1.3 Expandable calculations with integers (HO)
) (/Users/zekisalah/Library/TinyTeX/texmf-dist/tex/generic/etexcmds/etexcmds.st
y
Package: etexcmds 2019/12/15 v1.7 Avoid name clashes with e-TeX commands (HO)
)
\Hy@SavedSpaceFactor=\count269
Package hyperref Info: Option `unicode' set `true' on input line 4338.
(/Users/zekisalah/Library/TinyTeX/texmf-dist/tex/latex/hyperref/puenc.def
File: puenc.def 2020-05-15 v7.00e Hyperref: PDF Unicode definition (HO)
Now handling font encoding PU ...
... no UTF-8 mapping file for font encoding PU
)
Package hyperref Info: Hyper figures OFF on input line 4464.
Package hyperref Info: Link nesting OFF on input line 4469.
Package hyperref Info: Hyper index ON on input line 4472.
Package hyperref Info: Plain pages OFF on input line 4479.
Package hyperref Info: Backreferencing OFF on input line 4484.
Package hyperref Info: Implicit mode ON; LaTeX internals redefined.
Package hyperref Info: Bookmarks ON on input line 4717.
\c@Hy@tempcnt=\count270
(/Users/zekisalah/Library/TinyTeX/texmf-dist/tex/latex/url/url.sty
\Urlmuskip=\muskip17
Package: url 2013/09/16  ver 3.4  Verb mode for urls, etc.
)
LaTeX Info: Redefining \url on input line 5076.
\XeTeXLinkMargin=\dimen159
(/Users/zekisalah/Library/TinyTeX/texmf-dist/tex/generic/bitset/bitset.sty
Package: bitset 2019/12/09 v1.3 Handle bit-vector datatype (HO)

(/Users/zekisalah/Library/TinyTeX/texmf-dist/tex/generic/bigintcalc/bigintcalc.
sty
Package: bigintcalc 2019/12/15 v1.5 Expandable calculations on big integers (HO
)
))
\Fld@menulength=\count271
\Field@Width=\dimen160
\Fld@charsize=\dimen161
Package hyperref Info: Hyper figures OFF on input line 6347.
Package hyperref Info: Link nesting OFF on input line 6352.
Package hyperref Info: Hyper index ON on input line 6355.
Package hyperref Info: backreferencing OFF on input line 6362.
Package hyperref Info: Link coloring OFF on input line 6367.
Package hyperref Info: Link coloring with OCG OFF on input line 6372.
Package hyperref Info: PDF/A mode OFF on input line 6377.
LaTeX Info: Redefining \ref on input line 6417.
LaTeX Info: Redefining \pageref on input line 6421.
(/Users/zekisalah/Library/TinyTeX/texmf-dist/tex/generic/atbegshi/atbegshi.sty
Package: atbegshi 2019/12/05 v1.19 At begin shipout hook (HO)
)
\Hy@abspage=\count272
\c@Item=\count273
\c@Hfootnote=\count274
)
Package hyperref Info: Driver (autodetected): hpdftex.
(/Users/zekisalah/Library/TinyTeX/texmf-dist/tex/latex/hyperref/hpdftex.def
File: hpdftex.def 2020-05-15 v7.00e Hyperref driver for pdfTeX
(/Users/zekisalah/Library/TinyTeX/texmf-dist/tex/latex/atveryend/atveryend.sty
Package: atveryend 2019-12-11 v1.11 Hooks at the very end of document (HO)
)
\Fld@listcount=\count275
\c@bookmark@seq@number=\count276

(/Users/zekisalah/Library/TinyTeX/texmf-dist/tex/latex/rerunfilecheck/rerunfile
check.sty
Package: rerunfilecheck 2019/12/05 v1.9 Rerun checks for auxiliary files (HO)

(/Users/zekisalah/Library/TinyTeX/texmf-dist/tex/generic/uniquecounter/uniqueco
unter.sty
Package: uniquecounter 2019/12/15 v1.4 Provide unlimited unique counter (HO)
)
Package uniquecounter Info: New unique counter `rerunfilecheck' on input line 2
86.
)
\Hy@SectionHShift=\skip72
) (/Users/zekisalah/Library/TinyTeX/texmf-dist/tex/latex/booktabs/booktabs.sty
Package: booktabs 2020/01/12 v1.61803398 Publication quality tables
\heavyrulewidth=\dimen162
\lightrulewidth=\dimen163
\cmidrulewidth=\dimen164
\belowrulesep=\dimen165
\belowbottomsep=\dimen166
\aboverulesep=\dimen167
\abovetopsep=\dimen168
\cmidrulesep=\dimen169
\cmidrulekern=\dimen170
\defaultaddspace=\dimen171
\@cmidla=\count277
\@cmidlb=\count278
\@aboverulesep=\dimen172
\@belowrulesep=\dimen173
\@thisruleclass=\count279
\@lastruleclass=\count280
\@thisrulewidth=\dimen174
) (/Users/zekisalah/Library/TinyTeX/texmf-dist/tex/latex/sectsty/sectsty.sty
Package: sectsty 2002/02/25 v2.0.2 Commands to change all sectional heading sty
les

LaTeX Warning: Command \underbar  has changed.
               Check if current package is valid.


LaTeX Warning: Command \underline  has changed.
               Check if current package is valid.

)
\cslhangindent=\skip73
Package csquotes Info: Checking for multilingual support...
Package csquotes Info: ... none found.

(/Users/zekisalah/Library/TinyTeX/texmf-dist/tex/latex/l3backend/l3backend-pdft
ex.def
File: l3backend-pdftex.def 2020-09-11 L3 backend support: PDF output (pdfTeX)
\l__kernel_color_stack_int=\count281
\l__pdf_internal_box=\box48
) (./Study.aux)
\openout1 = `Study.aux'.

LaTeX Font Info:    Checking defaults for OML/cmm/m/it on input line 107.
LaTeX Font Info:    ... okay on input line 107.
LaTeX Font Info:    Checking defaults for OMS/cmsy/m/n on input line 107.
LaTeX Font Info:    ... okay on input line 107.
LaTeX Font Info:    Checking defaults for OT1/cmr/m/n on input line 107.
LaTeX Font Info:    ... okay on input line 107.
LaTeX Font Info:    Checking defaults for T1/cmr/m/n on input line 107.
LaTeX Font Info:    ... okay on input line 107.
LaTeX Font Info:    Checking defaults for TS1/cmr/m/n on input line 107.
LaTeX Font Info:    ... okay on input line 107.
LaTeX Font Info:    Checking defaults for OMX/cmex/m/n on input line 107.
LaTeX Font Info:    ... okay on input line 107.
LaTeX Font Info:    Checking defaults for U/cmr/m/n on input line 107.
LaTeX Font Info:    ... okay on input line 107.
LaTeX Font Info:    Checking defaults for PD1/pdf/m/n on input line 107.
LaTeX Font Info:    ... okay on input line 107.
LaTeX Font Info:    Checking defaults for PU/pdf/m/n on input line 107.
LaTeX Font Info:    ... okay on input line 107.
LaTeX Info: Redefining \dots on input line 107.
*geometry* driver: auto-detecting
*geometry* detected driver: pdftex
*geometry* verbose mode - [ preamble ] result:
* driver: pdftex
* paper: <default>
* layout: <same size as paper>
* layoutoffset:(h,v)=(0.0pt,0.0pt)
* modes: 
* h-part:(L,W,R)=(99.58464pt, 415.12572pt, 99.58464pt)
* v-part:(T,H,B)=(99.58464pt, 595.8007pt, 99.58464pt)
* \paperwidth=614.295pt
* \paperheight=794.96999pt
* \textwidth=415.12572pt
* \textheight=595.8007pt
* \oddsidemargin=27.31465pt
* \evensidemargin=27.31465pt
* \topmargin=-9.68535pt
* \headheight=12.0pt
* \headsep=25.0pt
* \topskip=10.0pt
* \footskip=30.0pt
* \marginparwidth=65.0pt
* \marginparsep=11.0pt
* \columnsep=10.0pt
* \skip\footins=33.0pt plus 9.0pt minus 2.0pt
* \hoffset=0.0pt
* \voffset=0.0pt
* \mag=1000
* \@twocolumnfalse
* \@twosidefalse
* \@mparswitchfalse
* \@reversemarginfalse
* (1in=72.27pt=25.4mm, 1cm=28.453pt)

\c@mv@tabular=\count282
\c@mv@boldtabular=\count283
LaTeX Info: Redefining \microtypecontext on input line 107.
Package microtype Info: Generating PDF output.
Package microtype Info: Character protrusion enabled (level 2).
Package microtype Info: Using protrusion set `basicmath'.
Package microtype Info: Automatic font expansion enabled (level 2),
(microtype)             stretch: 20, shrink: 20, step: 1, non-selected.
Package microtype Info: Using default expansion set `basictext'.
LaTeX Info: Redefining \showhyphens on input line 107.
Package microtype Info: No adjustment of tracking.
Package microtype Info: No adjustment of interword spacing.
Package microtype Info: No adjustment of character kerning.
Package microtype Info: Loading generic protrusion settings for font family
(microtype)             `EBGaramond-OsF' (encoding: T1).
(microtype)             For optimal results, create family-specific settings.
(microtype)             See the microtype manual for details.
\AtBeginShipoutBox=\box49
Package hyperref Info: Link coloring OFF on input line 107.
(/Users/zekisalah/Library/TinyTeX/texmf-dist/tex/latex/hyperref/nameref.sty
Package: nameref 2019/09/16 v2.46 Cross-referencing by name of section
(/Users/zekisalah/Library/TinyTeX/texmf-dist/tex/latex/refcount/refcount.sty
Package: refcount 2019/12/15 v3.6 Data extraction from label references (HO)
)
(/Users/zekisalah/Library/TinyTeX/texmf-dist/tex/generic/gettitlestring/gettitl
estring.sty
Package: gettitlestring 2019/12/15 v1.6 Cleanup title references (HO)
)
\c@section@level=\count284
)
LaTeX Info: Redefining \ref on input line 107.
LaTeX Info: Redefining \pageref on input line 107.
LaTeX Info: Redefining \nameref on input line 107.
(./Study.out) (./Study.out)
\@outlinefile=\write3
\openout3 = `Study.out'.

LaTeX Font Info:    Font shape `T1/EBGaramond-OsF/m/n' in size <17.28> not avai
lable
(Font)              Font shape `T1/EBGaramond-OsF/regular/n' tried instead on i
nput line 108.
LaTeX Font Info:    Font shape `T1/EBGaramond-OsF/regular/n' will be
(Font)              scaled to size 17.28pt on input line 108.
LaTeX Font Info:    Font shape `T1/EBGaramond-OsF/m/n' in size <12> not availab
le
(Font)              Font shape `T1/EBGaramond-OsF/regular/n' tried instead on i
nput line 108.
LaTeX Font Info:    Font shape `T1/EBGaramond-OsF/regular/n' will be
(Font)              scaled to size 12.0pt on input line 108.
(/Users/zekisalah/Library/TinyTeX/texmf-dist/tex/latex/microtype/mt-cmr.cfg
File: mt-cmr.cfg 2013/05/19 v2.2 microtype config. file: Computer Modern Roman 
(RS)
)
LaTeX Font Info:    Trying to load font information for U+msa on input line 108
.
(/Users/zekisalah/Library/TinyTeX/texmf-dist/tex/latex/amsfonts/umsa.fd
File: umsa.fd 2013/01/14 v3.01 AMS symbols A
) (/Users/zekisalah/Library/TinyTeX/texmf-dist/tex/latex/microtype/mt-msa.cfg
File: mt-msa.cfg 2006/02/04 v1.1 microtype config. file: AMS symbols (a) (RS)
)
LaTeX Font Info:    Trying to load font information for U+msb on input line 108
.
(/Users/zekisalah/Library/TinyTeX/texmf-dist/tex/latex/amsfonts/umsb.fd
File: umsb.fd 2013/01/14 v3.01 AMS symbols B
) (/Users/zekisalah/Library/TinyTeX/texmf-dist/tex/latex/microtype/mt-msb.cfg
File: mt-msb.cfg 2005/06/01 v1.0 microtype config. file: AMS symbols (b) (RS)
)
LaTeX Font Info:    Font shape `T1/EBGaramond-OsF/m/n' in size <14.4> not avail
able
(Font)              Font shape `T1/EBGaramond-OsF/regular/n' tried instead on i
nput line 108.
LaTeX Font Info:    Font shape `T1/EBGaramond-OsF/regular/n' will be
(Font)              scaled to size 14.4pt on input line 108.
LaTeX Font Info:    Font shape `T1/EBGaramond-OsF/m/n' in size <9> not availabl
e
(Font)              Font shape `T1/EBGaramond-OsF/regular/n' tried instead on i
nput line 109.
LaTeX Font Info:    Font shape `T1/EBGaramond-OsF/regular/n' will be
(Font)              scaled to size 9.0pt on input line 109.
LaTeX Font Info:    Font shape `T1/EBGaramond-OsF/b/n' in size <9> not availabl
e
(Font)              Font shape `T1/EBGaramond-OsF/bold/n' tried instead on inpu
t line 109.
LaTeX Font Info:    Font shape `T1/EBGaramond-OsF/bold/n' will be
(Font)              scaled to size 9.0pt on input line 109.
LaTeX Font Info:    Font shape `T1/EBGaramond-OsF/m/it' in size <9> not availab
le
(Font)              Font shape `T1/EBGaramond-OsF/regular/it' tried instead on 
input line 126.
LaTeX Font Info:    Font shape `T1/EBGaramond-OsF/regular/it' will be
(Font)              scaled to size 9.0pt on input line 126.
LaTeX Font Info:    Font shape `T1/EBGaramond-OsF/b/n' in size <12> not availab
le
(Font)              Font shape `T1/EBGaramond-OsF/bold/n' tried instead on inpu
t line 146.
LaTeX Font Info:    Font shape `T1/EBGaramond-OsF/bold/n' will be
(Font)              scaled to size 12.0pt on input line 146.
LaTeX Font Info:    Font shape `T1/EBGaramond-OsF/m/it' in size <10> not availa
ble
(Font)              Font shape `T1/EBGaramond-OsF/regular/it' tried instead on 
input line 156.
LaTeX Font Info:    Font shape `T1/EBGaramond-OsF/regular/it' will be
(Font)              scaled to size 10.0pt on input line 156.
LaTeX Font Info:    Font shape `T1/EBGaramond-OsF/m/n' in size <7> not availabl
e
(Font)              Font shape `T1/EBGaramond-OsF/regular/n' tried instead on i
nput line 179.
LaTeX Font Info:    Font shape `T1/EBGaramond-OsF/regular/n' will be
(Font)              scaled to size 7.0pt on input line 179.
LaTeX Font Info:    Font shape `T1/EBGaramond-OsF/m/n' in size <8> not availabl
e
(Font)              Font shape `T1/EBGaramond-OsF/regular/n' tried instead on i
nput line 186.
LaTeX Font Info:    Font shape `T1/EBGaramond-OsF/regular/n' will be
(Font)              scaled to size 8.0pt on input line 186.
LaTeX Font Info:    Font shape `T1/EBGaramond-OsF/m/n' in size <6> not availabl
e
(Font)              Font shape `T1/EBGaramond-OsF/regular/n' tried instead on i
nput line 186.
LaTeX Font Info:    Font shape `T1/EBGaramond-OsF/regular/n' will be
(Font)              scaled to size 6.0pt on input line 186.
LaTeX Font Info:    Font shape `T1/EBGaramond-OsF/m/it' in size <8> not availab
le
(Font)              Font shape `T1/EBGaramond-OsF/regular/it' tried instead on 
input line 186.
LaTeX Font Info:    Font shape `T1/EBGaramond-OsF/regular/it' will be
(Font)              scaled to size 8.0pt on input line 186.
[1

{/Users/zekisalah/Library/TinyTeX/texmf-var/fonts/map/pdftex/updmap/pdftex.map}
] [2] [3] [4] [5] [6]
LaTeX Font Info:    Font shape `T1/EBGaramond-OsF/b/it' in size <12> not availa
ble
(Font)              Font shape `T1/EBGaramond-OsF/bold/it' tried instead on inp
ut line 635.
LaTeX Font Info:    Font shape `T1/EBGaramond-OsF/bold/it' will be
(Font)              scaled to size 12.0pt on input line 635.
[7] [8]
LaTeX Font Info:    Font shape `T1/EBGaramond-OsF/b/n' in size <10> not availab
le
(Font)              Font shape `T1/EBGaramond-OsF/bold/n' tried instead on inpu
t line 769.
LaTeX Font Info:    Font shape `T1/EBGaramond-OsF/bold/n' will be
(Font)              scaled to size 10.0pt on input line 769.
LaTeX Font Info:    Font shape `T1/EBGaramond-OsF/b/it' in size <10> not availa
ble
(Font)              Font shape `T1/EBGaramond-OsF/bold/it' tried instead on inp
ut line 769.
LaTeX Font Info:    Font shape `T1/EBGaramond-OsF/bold/it' will be
(Font)              scaled to size 10.0pt on input line 769.
[9] [10] [11] [12] [13] [14] [15] [16] [17] [18] [19]
LaTeX Font Info:    Font shape `T1/EBGaramond-OsF/b/n' in size <14.4> not avail
able
(Font)              Font shape `T1/EBGaramond-OsF/bold/n' tried instead on inpu
t line 1598.
LaTeX Font Info:    Font shape `T1/EBGaramond-OsF/bold/n' will be
(Font)              scaled to size 14.4pt on input line 1598.
[20]
Package atveryend Info: Empty hook `BeforeClearDocument' on input line 1792.
[21]
Package atveryend Info: Empty hook `AfterLastShipout' on input line 1792.
(./Study.aux)
Package atveryend Info: Executing hook `AtVeryEndDocument' on input line 1792.
Package atveryend Info: Executing hook `AtEndAfterFileList' on input line 1792.

Package rerunfilecheck Info: File `Study.out' has not changed.
(rerunfilecheck)             Checksum: 9CF5C4E693FD80097B8A712476DD80C2;2589.
 )
(\end occurred inside a group at level 1)

### simple group (level 1) entered at line 108 ({)
### bottom level 
Here is how much of TeX's memory you used:
 14090 strings out of 482824
 214989 string characters out of 5955016
 505979 words of memory out of 5000000
 28928 multiletter control sequences out of 15000+600000
 669122 words of font info for 171 fonts, out of 8000000 for 9000
 14 hyphenation exceptions out of 8191
 43i,12n,58p,818b,524s stack positions out of 5000i,500n,10000p,200000b,80000s
{/Users/zekisalah/Library/TinyTeX/texmf-dist/fonts/enc/dvips/eb
garamond/ebgm_ljow5q.enc}{/Users/zekisalah/Library/TinyTeX/texmf-dist/fonts/enc
/dvips/ebgaramond/ebgm_tcdnmr.enc}</Users/zekisalah/Library/TinyTeX/texmf-dist/
fonts/type1/public/ebgaramond/EBGaramond-Bold.pfb></Users/zekisalah/Library/Tin
yTeX/texmf-dist/fonts/type1/public/ebgaramond/EBGaramond-BoldItalic.pfb></Users
/zekisalah/Library/TinyTeX/texmf-dist/fonts/type1/public/ebgaramond/EBGaramond-
Italic.pfb></Users/zekisalah/Library/TinyTeX/texmf-dist/fonts/type1/public/ebga
ramond/EBGaramond-Regular.pfb>
Output written on Study.pdf (21 pages, 505298 bytes).
PDF statistics:
 459 PDF objects out of 1000 (max. 8388607)
 427 compressed objects within 5 object streams
 187 named destinations out of 1000 (max. 500000)
 4169 words of extra memory for PDF output out of 10000 (max. 10000000)

